#
# A fatal error has been detected by the Java Runtime Environment:
#
#  EXCEPTION_ACCESS_VIOLATION (0xc0000005) at pc=0x0000000058488760, pid=800, tid=0x0000000000000b1c
#
# JRE version: Java(TM) SE Runtime Environment (8.0_92-b14) (build 1.8.0_92-b14)
# Java VM: Java HotSpot(TM) 64-Bit Server VM (25.92-b14 mixed mode windows-amd64 compressed oops)
# Problematic frame:
# V  [jvm.dll+0x108760]
#
# Failed to write core dump. Minidumps are not enabled by default on client versions of Windows
#
# If you would like to submit a bug report, please visit:
#   http://bugreport.java.com/bugreport/crash.jsp
#

---------------  T H R E A D  ---------------

Current thread (0x0000000054e19800):  JavaThread "C1 CompilerThread1" daemon [_thread_in_vm, id=2844, stack(0x0000000056040000,0x0000000056140000)]

siginfo: ExceptionCode=0xc0000005, reading address 0x00000001ffeeffee

Registers:
RAX=0x00000001ffeeffee, RBX=0x0000000003269590, RCX=0x000000001450e210, RDX=0x0000000003269590
RSP=0x000000005613f0e0, RBP=0x000000005613f308, RSI=0x0000000000000080, RDI=0x000000001450e210
R8 =0x000000001450e210, R9 =0x0000000054e13bf0, R10=0x00000000549a4220, R11=0x0000000000000002
R12=0x000000000000000c, R13=0x00000000000008b8, R14=0x000000005adc97e0, R15=0x000000005adcd180
RIP=0x0000000058488760, EFLAGS=0x0000000000010206

Top of Stack: (sp=0x000000005613f0e0)
0x000000005613f0e0:   000000005adcd180 000000005adc97e0
0x000000005613f0f0:   00000000000008b8 000000000000000c
0x000000005613f100:   0000000003269590 000000005841cb5d
0x000000005613f110:   00000000022bb1b0 0000000000000080
0x000000005613f120:   0000000003269590 000000005613f2c9
0x000000005613f130:   00000000ffffffff 000000005613f608
0x000000005613f140:   0000000000000078 000000005adc97e0
0x000000005613f150:   000000005adcd180 000000005613f628
0x000000005613f160:   0000000000000012 000000005adcd130
0x000000005613f170:   000000005613f5d0 000000005613f5e8
0x000000005613f180:   0000000054e0f140 0000000000000003
0x000000005613f190:   0000007800000c8a 00000003ffffffff
0x000000005613f1a0:   0000000000000012 000000005613f628
0x000000005613f1b0:   0000000054e0f140 000000005613f5e8
0x000000005613f1c0:   000000005adcd130 000000005613f5d0
0x000000005613f1d0:   0000000000000008 0000000054e19800 

Instructions: (pc=0x0000000058488760)
0x0000000058488740:   48 89 5c 24 08 57 48 83 ec 20 48 8b 81 48 01 00
0x0000000058488750:   00 48 8b da 48 8b f9 48 85 c0 74 12 0f 1f 40 00
0x0000000058488760:   48 3b 10 74 3f 48 8b 40 10 48 85 c0 75 f2 b9 18
0x0000000058488770:   00 00 00 e8 48 96 ef ff 48 85 c0 74 35 48 8b 8f 


Register to memory mapping:

RAX=0x00000001ffeeffee is an unknown value
RBX=0x0000000003269590 is at entry_point+-432 in (nmethod*)0x0000000003269590
RCX=0x000000001450e210 is pointing into metadata
RDX=0x0000000003269590 is at entry_point+-432 in (nmethod*)0x0000000003269590
RSP=0x000000005613f0e0 is pointing into the stack for thread: 0x0000000054e19800
RBP=0x000000005613f308 is pointing into the stack for thread: 0x0000000054e19800
RSI=0x0000000000000080 is an unknown value
RDI=0x000000001450e210 is pointing into metadata
R8 =0x000000001450e210 is pointing into metadata
R9 =0x0000000054e13bf0 is an unknown value
R10={method} {0x00000000549a4228} 'fillRect' '(FFFF)V' in 'com/sun/prism/impl/ps/BaseShaderGraphics'
R11=0x0000000000000002 is an unknown value
R12=0x000000000000000c is an unknown value
R13=0x00000000000008b8 is an unknown value
R14=0x000000005adc97e0 is an unknown value
R15=0x000000005adcd180 is an unknown value


Stack: [0x0000000056040000,0x0000000056140000],  sp=0x000000005613f0e0,  free space=1020k
Native frames: (J=compiled Java code, j=interpreted, Vv=VM code, C=native code)
V  [jvm.dll+0x108760]
V  [jvm.dll+0x9cb5d]
V  [jvm.dll+0x30ace]
V  [jvm.dll+0x40a379]
V  [jvm.dll+0x40b334]
V  [jvm.dll+0x40b4e1]
V  [jvm.dll+0x40b6ef]
V  [jvm.dll+0xa50a2]
V  [jvm.dll+0xa59df]
V  [jvm.dll+0x244314]
V  [jvm.dll+0x29b34a]
C  [msvcr100.dll+0x21d9f]
C  [msvcr100.dll+0x21e3b]
C  [kernel32.dll+0x1652d]
C  [ntdll.dll+0x2c541]


Current CompileTask:
C1:  51279 3210       3       com.sun.prism.impl.ps.BaseShaderGraphics::fillRect (149 bytes)


---------------  P R O C E S S  ---------------

Java Threads: ( => current thread )
  0x000000005b04b000 JavaThread "Prism Font Disposer" daemon [_thread_blocked, id=4140, stack(0x000000005d380000,0x000000005d480000)]
  0x000000005af84000 JavaThread "Abandoned connection cleanup thread" daemon [_thread_blocked, id=952, stack(0x0000000059e90000,0x0000000059f90000)]
  0x0000000056805800 JavaThread "Thread-3" daemon [_thread_in_native, id=688, stack(0x0000000058f40000,0x0000000059040000)]
  0x0000000056804000 JavaThread "JavaFX-Launcher" [_thread_blocked, id=2196, stack(0x0000000059270000,0x0000000059370000)]
  0x00000000567da000 JavaThread "JavaFX Application Thread" [_thread_in_native, id=4136, stack(0x0000000057390000,0x0000000057490000)]
  0x00000000567cf800 JavaThread "Thread-1" daemon [_thread_blocked, id=2540, stack(0x0000000057140000,0x0000000057240000)]
  0x000000005678d800 JavaThread "QuantumRenderer-0" daemon [_thread_blocked, id=3144, stack(0x0000000056140000,0x0000000056240000)]
  0x0000000054e1a800 JavaThread "Service Thread" daemon [_thread_blocked, id=2500, stack(0x0000000056320000,0x0000000056420000)]
=>0x0000000054e19800 JavaThread "C1 CompilerThread1" daemon [_thread_in_vm, id=2844, stack(0x0000000056040000,0x0000000056140000)]
  0x0000000054e14800 JavaThread "C2 CompilerThread0" daemon [_thread_blocked, id=1976, stack(0x0000000055ec0000,0x0000000055fc0000)]
  0x0000000054e10800 JavaThread "Attach Listener" daemon [_thread_blocked, id=4196, stack(0x0000000055d00000,0x0000000055e00000)]
  0x0000000054e0f800 JavaThread "Signal Dispatcher" daemon [_thread_blocked, id=4364, stack(0x0000000055b40000,0x0000000055c40000)]
  0x0000000054dfe000 JavaThread "Finalizer" daemon [_thread_blocked, id=4504, stack(0x0000000055850000,0x0000000055950000)]
  0x0000000054db4800 JavaThread "Reference Handler" daemon [_thread_blocked, id=280, stack(0x0000000055980000,0x0000000055a80000)]
  0x00000000022bd800 JavaThread "main" [_thread_blocked, id=4144, stack(0x0000000002490000,0x0000000002590000)]

Other Threads:
  0x0000000054dac800 VMThread [stack: 0x0000000055700000,0x0000000055800000] [id=4012]
  0x000000005642b000 WatcherThread [stack: 0x0000000056920000,0x0000000056a20000] [id=2692]

VM state:not at safepoint (normal execution)

VM Mutex/Monitor currently owned by a thread:  ([mutex/lock_event])
[0x00000000022bb1b0] CodeCache_lock - owner thread: 0x0000000054e19800
[0x00000000022bc860] Compile_lock - owner thread: 0x0000000054e19800
[0x00000000022bc960] MethodCompileQueue_lock - owner thread: 0x0000000054e19800

Heap:
 PSYoungGen      total 18944K, used 7643K [0x00000000eac00000, 0x00000000ec100000, 0x0000000100000000)
  eden space 16384K, 46% used [0x00000000eac00000,0x00000000eb376d00,0x00000000ebc00000)
  from space 2560K, 0% used [0x00000000ebc00000,0x00000000ebc00000,0x00000000ebe80000)
  to   space 2560K, 0% used [0x00000000ebe80000,0x00000000ebe80000,0x00000000ec100000)
 ParOldGen       total 41984K, used 10053K [0x00000000c0400000, 0x00000000c2d00000, 0x00000000eac00000)
  object space 41984K, 23% used [0x00000000c0400000,0x00000000c0dd16e8,0x00000000c2d00000)
 Metaspace       used 20977K, capacity 22092K, committed 22400K, reserved 1069056K
  class space    used 2811K, capacity 3073K, committed 3200K, reserved 1048576K

Card table byte_map: [0x0000000011c20000,0x0000000011e20000] byte_map_base: 0x000000001161e000

Marking Bits: (ParMarkBitMap*) 0x0000000058b964f0
 Begin Bits: [0x00000000122a0000, 0x0000000013290000)
 End Bits:   [0x0000000013290000, 0x0000000014280000)

Polling page: 0x0000000000340000

CodeCache: size=245760Kb used=10260Kb max_used=10260Kb free=235499Kb
 bounds [0x0000000002860000, 0x0000000003270000, 0x0000000011860000]
 total_blobs=3903 nmethods=3183 adapters=630
 compilation: enabled

Compilation events (10 events):
Event: 50.359 Thread 0x0000000054e19800 3205       3       javafx.animation.Animation$1$$Lambda$291/559177902::run (12 bytes)
Event: 50.359 Thread 0x0000000054e19800 nmethod 3205 0x0000000003266a10 code [0x0000000003266b80, 0x0000000003266e08]
Event: 50.359 Thread 0x0000000054e19800 3206       3       javafx.animation.Animation::impl_timePulse (60 bytes)
Event: 50.360 Thread 0x0000000054e19800 nmethod 3206 0x0000000003266f50 code [0x00000000032670e0, 0x0000000003267498]
Event: 50.808 Thread 0x0000000054e19800 3207       3       com.sun.javafx.text.TextRun::getPosX (132 bytes)
Event: 50.809 Thread 0x0000000054e19800 nmethod 3207 0x00000000032675d0 code [0x0000000003267760, 0x0000000003267c08]
Event: 51.239 Thread 0x0000000054e14800 3208       4       javafx.scene.layout.Region::maxWidth (52 bytes)
Event: 51.241 Thread 0x0000000054e19800 3209       3       com.sun.javafx.geom.RectBounds::<init> (10 bytes)
Event: 51.241 Thread 0x0000000054e19800 nmethod 3209 0x0000000003268b50 code [0x0000000003268ce0, 0x0000000003269350]
Event: 51.241 Thread 0x0000000054e19800 3210       3       com.sun.prism.impl.ps.BaseShaderGraphics::fillRect (149 bytes)

GC Heap History (8 events):
Event: 0.894 GC heap before
{Heap before GC invocations=1 (full 0):
 PSYoungGen      total 18944K, used 16384K [0x00000000eac00000, 0x00000000ec100000, 0x0000000100000000)
  eden space 16384K, 100% used [0x00000000eac00000,0x00000000ebc00000,0x00000000ebc00000)
  from space 2560K, 0% used [0x00000000ebe80000,0x00000000ebe80000,0x00000000ec100000)
  to   space 2560K, 0% used [0x00000000ebc00000,0x00000000ebc00000,0x00000000ebe80000)
 ParOldGen       total 44032K, used 0K [0x00000000c0400000, 0x00000000c2f00000, 0x00000000eac00000)
  object space 44032K, 0% used [0x00000000c0400000,0x00000000c0400000,0x00000000c2f00000)
 Metaspace       used 10108K, capacity 10488K, committed 10624K, reserved 1058816K
  class space    used 1277K, capacity 1377K, committed 1408K, reserved 1048576K
Event: 0.900 GC heap after
Heap after GC invocations=1 (full 0):
 PSYoungGen      total 18944K, used 2528K [0x00000000eac00000, 0x00000000ec100000, 0x0000000100000000)
  eden space 16384K, 0% used [0x00000000eac00000,0x00000000eac00000,0x00000000ebc00000)
  from space 2560K, 98% used [0x00000000ebc00000,0x00000000ebe78040,0x00000000ebe80000)
  to   space 2560K, 0% used [0x00000000ebe80000,0x00000000ebe80000,0x00000000ec100000)
 ParOldGen       total 44032K, used 555K [0x00000000c0400000, 0x00000000c2f00000, 0x00000000eac00000)
  object space 44032K, 1% used [0x00000000c0400000,0x00000000c048adc8,0x00000000c2f00000)
 Metaspace       used 10108K, capacity 10488K, committed 10624K, reserved 1058816K
  class space    used 1277K, capacity 1377K, committed 1408K, reserved 1048576K
}
Event: 2.034 GC heap before
{Heap before GC invocations=2 (full 0):
 PSYoungGen      total 18944K, used 18905K [0x00000000eac00000, 0x00000000ec100000, 0x0000000100000000)
  eden space 16384K, 99% used [0x00000000eac00000,0x00000000ebbfe3f8,0x00000000ebc00000)
  from space 2560K, 98% used [0x00000000ebc00000,0x00000000ebe78040,0x00000000ebe80000)
  to   space 2560K, 0% used [0x00000000ebe80000,0x00000000ebe80000,0x00000000ec100000)
 ParOldGen       total 44032K, used 555K [0x00000000c0400000, 0x00000000c2f00000, 0x00000000eac00000)
  object space 44032K, 1% used [0x00000000c0400000,0x00000000c048adc8,0x00000000c2f00000)
 Metaspace       used 16600K, capacity 17196K, committed 17536K, reserved 1064960K
  class space    used 2172K, capacity 2339K, committed 2432K, reserved 1048576K
Event: 2.042 GC heap after
Heap after GC invocations=2 (full 0):
 PSYoungGen      total 18944K, used 2544K [0x00000000eac00000, 0x00000000ec100000, 0x0000000100000000)
  eden space 16384K, 0% used [0x00000000eac00000,0x00000000eac00000,0x00000000ebc00000)
  from space 2560K, 99% used [0x00000000ebe80000,0x00000000ec0fc030,0x00000000ec100000)
  to   space 2560K, 0% used [0x00000000ebc00000,0x00000000ebc00000,0x00000000ebe80000)
 ParOldGen       total 44032K, used 3229K [0x00000000c0400000, 0x00000000c2f00000, 0x00000000eac00000)
  object space 44032K, 7% used [0x00000000c0400000,0x00000000c0727428,0x00000000c2f00000)
 Metaspace       used 16600K, capacity 17196K, committed 17536K, reserved 1064960K
  class space    used 2172K, capacity 2339K, committed 2432K, reserved 1048576K
}
Event: 8.366 GC heap before
{Heap before GC invocations=3 (full 0):
 PSYoungGen      total 18944K, used 16507K [0x00000000eac00000, 0x00000000ec100000, 0x0000000100000000)
  eden space 16384K, 85% used [0x00000000eac00000,0x00000000eb9a2d68,0x00000000ebc00000)
  from space 2560K, 99% used [0x00000000ebe80000,0x00000000ec0fc030,0x00000000ec100000)
  to   space 2560K, 0% used [0x00000000ebc00000,0x00000000ebc00000,0x00000000ebe80000)
 ParOldGen       total 44032K, used 3229K [0x00000000c0400000, 0x00000000c2f00000, 0x00000000eac00000)
  object space 44032K, 7% used [0x00000000c0400000,0x00000000c0727428,0x00000000c2f00000)
 Metaspace       used 20153K, capacity 21182K, committed 21248K, reserved 1067008K
  class space    used 2797K, capacity 3036K, committed 3072K, reserved 1048576K
Event: 8.376 GC heap after
Heap after GC invocations=3 (full 0):
 PSYoungGen      total 18944K, used 2528K [0x00000000eac00000, 0x00000000ec100000, 0x0000000100000000)
  eden space 16384K, 0% used [0x00000000eac00000,0x00000000eac00000,0x00000000ebc00000)
  from space 2560K, 98% used [0x00000000ebc00000,0x00000000ebe78020,0x00000000ebe80000)
  to   space 2560K, 0% used [0x00000000ebe80000,0x00000000ebe80000,0x00000000ec100000)
 ParOldGen       total 44032K, used 7793K [0x00000000c0400000, 0x00000000c2f00000, 0x00000000eac00000)
  object space 44032K, 17% used [0x00000000c0400000,0x00000000c0b9c7b8,0x00000000c2f00000)
 Metaspace       used 20153K, capacity 21182K, committed 21248K, reserved 1067008K
  class space    used 2797K, capacity 3036K, committed 3072K, reserved 1048576K
}
Event: 8.376 GC heap before
{Heap before GC invocations=4 (full 1):
 PSYoungGen      total 18944K, used 2528K [0x00000000eac00000, 0x00000000ec100000, 0x0000000100000000)
  eden space 16384K, 0% used [0x00000000eac00000,0x00000000eac00000,0x00000000ebc00000)
  from space 2560K, 98% used [0x00000000ebc00000,0x00000000ebe78020,0x00000000ebe80000)
  to   space 2560K, 0% used [0x00000000ebe80000,0x00000000ebe80000,0x00000000ec100000)
 ParOldGen       total 44032K, used 7793K [0x00000000c0400000, 0x00000000c2f00000, 0x00000000eac00000)
  object space 44032K, 17% used [0x00000000c0400000,0x00000000c0b9c7b8,0x00000000c2f00000)
 Metaspace       used 20153K, capacity 21182K, committed 21248K, reserved 1067008K
  class space    used 2797K, capacity 3036K, committed 3072K, reserved 1048576K
Event: 8.434 GC heap after
Heap after GC invocations=4 (full 1):
 PSYoungGen      total 18944K, used 0K [0x00000000eac00000, 0x00000000ec100000, 0x0000000100000000)
  eden space 16384K, 0% used [0x00000000eac00000,0x00000000eac00000,0x00000000ebc00000)
  from space 2560K, 0% used [0x00000000ebc00000,0x00000000ebc00000,0x00000000ebe80000)
  to   space 2560K, 0% used [0x00000000ebe80000,0x00000000ebe80000,0x00000000ec100000)
 ParOldGen       total 41984K, used 10053K [0x00000000c0400000, 0x00000000c2d00000, 0x00000000eac00000)
  object space 41984K, 23% used [0x00000000c0400000,0x00000000c0dd16e8,0x00000000c2d00000)
 Metaspace       used 20153K, capacity 21182K, committed 21248K, reserved 1067008K
  class space    used 2797K, capacity 3036K, committed 3072K, reserved 1048576K
}

Deoptimization events (10 events):
Event: 2.454 Thread 0x00000000567da000 Uncommon trap: reason=array_check action=maybe_recompile pc=0x0000000002dd1afc method=com.sun.javafx.css.SimpleSelector.applies(Ljavafx/css/Styleable;[Ljava/util/Set;I)Z @ 37
Event: 2.454 Thread 0x00000000567da000 Uncommon trap: reason=array_check action=maybe_recompile pc=0x0000000002dd1afc method=com.sun.javafx.css.SimpleSelector.applies(Ljavafx/css/Styleable;[Ljava/util/Set;I)Z @ 37
Event: 2.454 Thread 0x00000000567da000 Uncommon trap: reason=array_check action=maybe_recompile pc=0x0000000002dd1afc method=com.sun.javafx.css.SimpleSelector.applies(Ljavafx/css/Styleable;[Ljava/util/Set;I)Z @ 37
Event: 2.454 Thread 0x00000000567da000 Uncommon trap: reason=array_check action=maybe_recompile pc=0x0000000002dd1afc method=com.sun.javafx.css.SimpleSelector.applies(Ljavafx/css/Styleable;[Ljava/util/Set;I)Z @ 37
Event: 2.477 Thread 0x00000000567da000 Uncommon trap: reason=unstable_if action=reinterpret pc=0x0000000002db444c method=com.sun.javafx.css.SimpleSelector.stateMatches(Ljavafx/css/Styleable;Ljava/util/Set;)Z @ 1
Event: 6.346 Thread 0x00000000567da000 Uncommon trap: reason=unstable_if action=reinterpret pc=0x0000000002cad068 method=jdk.internal.org.objectweb.asm.Type.getArgumentsAndReturnSizes(Ljava/lang/String;)I @ 47
Event: 6.447 Thread 0x00000000567da000 Uncommon trap: reason=unstable_if action=reinterpret pc=0x0000000002d0abe4 method=com.sun.javafx.css.BitSet.add(Ljava/lang/Object;)Z @ 91
Event: 36.785 Thread 0x00000000567da000 Uncommon trap: reason=unstable_if action=reinterpret pc=0x00000000030eb7a4 method=javafx.scene.Node.impl_intersectsBounds(Lcom/sun/javafx/geom/PickRay;)D @ 814
Event: 49.912 Thread 0x00000000567da000 Uncommon trap: reason=unstable_if action=reinterpret pc=0x000000000312ed18 method=javafx.scene.Node.updateBounds()V @ 27
Event: 50.093 Thread 0x00000000567da000 Uncommon trap: reason=unstable_if action=reinterpret pc=0x000000000315455c method=com.sun.javafx.text.TextRun.getPosX(I)F @ 75

Internal exceptions (10 events):
Event: 0.720 Thread 0x00000000567da000 Exception <a 'java/lang/ArrayIndexOutOfBoundsException': 57> (0x00000000eb82ecc0) thrown at [D:\re\workspace\8-2-build-windows-amd64-cygwin\jdk8u92\6642\hotspot\src\share\vm\interpreter\interpreterRuntime.cpp, line 366]
Event: 0.720 Thread 0x00000000567da000 Exception <a 'java/lang/ArrayIndexOutOfBoundsException': 18> (0x00000000eb82fb38) thrown at [D:\re\workspace\8-2-build-windows-amd64-cygwin\jdk8u92\6642\hotspot\src\share\vm\interpreter\interpreterRuntime.cpp, line 366]
Event: 0.721 Thread 0x00000000567da000 Exception <a 'java/lang/ArrayIndexOutOfBoundsException': 86> (0x00000000eb830ee0) thrown at [D:\re\workspace\8-2-build-windows-amd64-cygwin\jdk8u92\6642\hotspot\src\share\vm\interpreter\interpreterRuntime.cpp, line 366]
Event: 0.872 Thread 0x00000000567da000 Exception <a 'java/lang/ArrayIndexOutOfBoundsException'> (0x00000000ebbbaf80) thrown at [D:\re\workspace\8-2-build-windows-amd64-cygwin\jdk8u92\6642\hotspot\src\share\vm\runtime\sharedRuntime.cpp, line 605]
Event: 1.185 Thread 0x00000000567da000 Implicit null exception at 0x0000000002b11289 to 0x0000000002b115d5
Event: 1.989 Thread 0x00000000567da000 Implicit null exception at 0x0000000002c5ac56 to 0x0000000002c5ac9d
Event: 2.055 Thread 0x00000000567da000 Implicit null exception at 0x0000000002b2faa5 to 0x0000000002b2fcb5
Event: 2.055 Thread 0x00000000567da000 Implicit null exception at 0x0000000002bced88 to 0x0000000002bcee16
Event: 2.060 Thread 0x00000000567da000 Implicit null exception at 0x0000000002b75b2f to 0x0000000002b75b95
Event: 2.477 Thread 0x00000000567da000 Implicit null exception at 0x0000000002db3d43 to 0x0000000002db4421

Events (10 events):
Event: 49.904 loading class com/sun/javafx/geometry/BoundsUtils
Event: 49.904 loading class com/sun/javafx/geometry/BoundsUtils done
Event: 49.912 Thread 0x00000000567da000 Uncommon trap: trap_request=0xffffff65 fr.pc=0x000000000312ed18
Event: 49.912 Thread 0x00000000567da000 DEOPT PACKING pc=0x000000000312ed18 sp=0x000000005748d420
Event: 49.912 Thread 0x00000000567da000 DEOPT UNPACKING pc=0x00000000028a582a sp=0x000000005748d3d8 mode 2
Event: 49.913 loading class com/sun/prism/shape/ShapeRep$InvalidationType
Event: 49.913 loading class com/sun/prism/shape/ShapeRep$InvalidationType done
Event: 50.093 Thread 0x00000000567da000 Uncommon trap: trap_request=0xffffff65 fr.pc=0x000000000315455c
Event: 50.093 Thread 0x00000000567da000 DEOPT PACKING pc=0x000000000315455c sp=0x000000005748ba90
Event: 50.093 Thread 0x00000000567da000 DEOPT UNPACKING pc=0x00000000028a582a sp=0x000000005748ba30 mode 2


Dynamic libraries:
0x000000013fc70000 - 0x000000013fca7000 	C:\Program Files\Java\jdk1.8.0_92\jre\bin\java.exe
0x00000000770b0000 - 0x0000000077259000 	C:\Windows\SYSTEM32\ntdll.dll
0x0000000076e90000 - 0x0000000076faf000 	C:\Windows\system32\kernel32.dll
0x000007fefd1b0000 - 0x000007fefd21b000 	C:\Windows\system32\KERNELBASE.dll
0x000007fefded0000 - 0x000007fefdfab000 	C:\Windows\system32\ADVAPI32.dll
0x000007fefdfb0000 - 0x000007fefe04f000 	C:\Windows\system32\msvcrt.dll
0x000007fefe5c0000 - 0x000007fefe5df000 	C:\Windows\SYSTEM32\sechost.dll
0x000007fefd220000 - 0x000007fefd34d000 	C:\Windows\system32\RPCRT4.dll
0x0000000076fb0000 - 0x00000000770aa000 	C:\Windows\system32\USER32.dll
0x000007fefd570000 - 0x000007fefd5d7000 	C:\Windows\system32\GDI32.dll
0x000007fefdec0000 - 0x000007fefdece000 	C:\Windows\system32\LPK.dll
0x000007fefd5e0000 - 0x000007fefd6a9000 	C:\Windows\system32\USP10.dll
0x000007fefb9f0000 - 0x000007fefbbe4000 	C:\Windows\WinSxS\amd64_microsoft.windows.common-controls_6595b64144ccf1df_6.0.7601.17514_none_fa396087175ac9ac\COMCTL32.dll
0x000007fefe050000 - 0x000007fefe0c1000 	C:\Windows\system32\SHLWAPI.dll
0x000007fefdbf0000 - 0x000007fefdc1e000 	C:\Windows\system32\IMM32.DLL
0x000007fefdc20000 - 0x000007fefdd29000 	C:\Windows\system32\MSCTF.dll
0x00000000593e0000 - 0x00000000594b2000 	C:\Program Files\Java\jdk1.8.0_92\jre\bin\msvcr100.dll
0x0000000058380000 - 0x0000000058c16000 	C:\Program Files\Java\jdk1.8.0_92\jre\bin\server\jvm.dll
0x000007feebfe0000 - 0x000007feebfe9000 	C:\Windows\system32\WSOCK32.dll
0x000007feff370000 - 0x000007feff3bd000 	C:\Windows\system32\WS2_32.dll
0x000007fefd560000 - 0x000007fefd568000 	C:\Windows\system32\NSI.dll
0x000007fefa9d0000 - 0x000007fefaa0b000 	C:\Windows\system32\WINMM.dll
0x000007fefbf30000 - 0x000007fefbf3c000 	C:\Windows\system32\VERSION.dll
0x0000000077280000 - 0x0000000077287000 	C:\Windows\system32\PSAPI.DLL
0x00000000740e0000 - 0x00000000740ef000 	C:\Program Files\Java\jdk1.8.0_92\jre\bin\verify.dll
0x00000000740b0000 - 0x00000000740d9000 	C:\Program Files\Java\jdk1.8.0_92\jre\bin\java.dll
0x0000000074090000 - 0x00000000740a6000 	C:\Program Files\Java\jdk1.8.0_92\jre\bin\zip.dll
0x000007fefe5e0000 - 0x000007feff368000 	C:\Windows\system32\SHELL32.dll
0x000007fefd350000 - 0x000007fefd553000 	C:\Windows\system32\ole32.dll
0x000007fefce60000 - 0x000007fefce6f000 	C:\Windows\system32\profapi.dll
0x000007fef2850000 - 0x000007fef293f000 	C:\Program Files\Java\jdk1.8.0_92\jre\bin\msvcr120.dll
0x000007fee0580000 - 0x000007fee0626000 	C:\Program Files\Java\jdk1.8.0_92\jre\bin\msvcp120.dll
0x0000000002250000 - 0x0000000002272000 	C:\Program Files\Java\jdk1.8.0_92\jre\bin\prism_d3d.dll
0x000007fee35b0000 - 0x000007fee37af000 	C:\Windows\system32\d3d9.dll
0x000007fee35a0000 - 0x000007fee35a7000 	C:\Windows\system32\d3d8thk.dll
0x000007fefbee0000 - 0x000007fefbef8000 	C:\Windows\system32\dwmapi.dll
0x000007fefb810000 - 0x000007fefb866000 	C:\Windows\system32\uxtheme.dll
0x000007fef7f20000 - 0x000007fef8082000 	C:\Windows\system32\aticfx64.dll
0x000007fee3540000 - 0x000007fee3561000 	C:\Windows\system32\atiu9p64.dll
0x000007fee2ce0000 - 0x000007fee353a000 	C:\Windows\system32\atiumd64.dll
0x000000005a3c0000 - 0x000000005ac46000 	C:\Windows\system32\atiumd6a.dll
0x000007fefbf00000 - 0x000007fefbf2c000 	C:\Windows\system32\POWRPROF.dll
0x000007fefd710000 - 0x000007fefd8e7000 	C:\Windows\system32\SETUPAPI.dll
0x000007fefcfd0000 - 0x000007fefd006000 	C:\Windows\system32\CFGMGR32.dll
0x000007fefe4c0000 - 0x000007fefe597000 	C:\Windows\system32\OLEAUT32.dll
0x000007fefcfa0000 - 0x000007fefcfba000 	C:\Windows\system32\DEVOBJ.dll
0x0000000002420000 - 0x0000000002463000 	C:\Program Files\Java\jdk1.8.0_92\jre\bin\glass.dll
0x000007fefd8f0000 - 0x000007fefd987000 	C:\Windows\system32\COMDLG32.dll
0x0000000180000000 - 0x000000018001b000 	C:\Program Files (x86)\Common Files\Portrait Displays\Plugins\DP\msgHook64.dll
0x000007fefcd00000 - 0x000007fefcd0f000 	C:\Windows\system32\CRYPTBASE.dll
0x0000000074070000 - 0x000000007408a000 	C:\Program Files\Java\jdk1.8.0_92\jre\bin\net.dll
0x000007fefc5e0000 - 0x000007fefc635000 	C:\Windows\system32\mswsock.dll
0x000007fefc650000 - 0x000007fefc657000 	C:\Windows\System32\wship6.dll
0x000007fefc020000 - 0x000007fefc027000 	C:\Windows\System32\wshtcpip.dll
0x000007fefc410000 - 0x000007fefc46b000 	C:\Windows\system32\DNSAPI.dll
0x000007fefa340000 - 0x000007fefa367000 	C:\Windows\system32\IPHLPAPI.DLL
0x000007fefa330000 - 0x000007fefa33b000 	C:\Windows\system32\WINNSI.DLL
0x000007fef36f0000 - 0x000007fef36f8000 	C:\Windows\system32\rasadhlp.dll
0x000007fefa1e0000 - 0x000007fefa233000 	C:\Windows\System32\fwpuclnt.dll
0x0000000012110000 - 0x0000000012124000 	C:\Program Files\Java\jdk1.8.0_92\jre\bin\javafx_font.dll
0x000007fee5db0000 - 0x000007fee5f46000 	C:\Windows\system32\dwrite.dll
0x000007fefe3a0000 - 0x000007fefe439000 	C:\Windows\system32\CLBCatQ.DLL
0x000007fefae70000 - 0x000007fefafd1000 	C:\Windows\system32\WindowsCodecs.dll
0x000007fefcca0000 - 0x000007fefccf7000 	C:\Windows\system32\apphelp.dll
0x000007fef7390000 - 0x000007fef73d4000 	C:\Program Files (x86)\Dropbox\Client\DropboxExt64.3.0.dll
0x000007fef7250000 - 0x000007fef725f000 	C:\Windows\system32\AcSignIcon.dll
0x000007fef6cc0000 - 0x000007fef7225000 	C:\Windows\system32\mfc110u.dll
0x000007fef8100000 - 0x000007fef81d4000 	C:\Windows\system32\MSVCR110.dll
0x000007fefa460000 - 0x000007fefa48d000 	C:\Program Files\Common Files\Microsoft Shared\Ink\rtscom.dll
0x0000000055800000 - 0x0000000055811000 	C:\Program Files\Java\jdk1.8.0_92\jre\bin\prism_common.dll
0x000007fef9480000 - 0x000007fef95a5000 	C:\Windows\system32\dbghelp.dll

VM Arguments:
jvm_args: -Dfile.encoding=UTF-8 
java_command: J:\DrDhelp\dist\run2015631994\DrDhelp.jar
java_class_path (initial): J:\DrDhelp\dist\run2015631994\DrDhelp.jar
Launcher Type: SUN_STANDARD

Environment Variables:
PATH=C:\ProgramData\Oracle\Java\javapath;C:\Windows\system32;C:\Windows;C:\Windows\System32\Wbem;C:\Windows\System32\WindowsPowerShell\v1.0\;C:\Program Files (x86)\ATI Technologies\ATI.ACE\Core-Static;C:\Program Files (x86)\AMD\ATI.ACE\Core-Static;C:\Program Files (x86)\Skype\Phone\
USERNAME=Aramis
OS=Windows_NT
PROCESSOR_IDENTIFIER=Intel64 Family 6 Model 42 Stepping 7, GenuineIntel



---------------  S Y S T E M  ---------------

OS: Windows 7 , 64 bit Build 7601 (6.1.7601.18015)

CPU:total 2 (2 cores per cpu, 1 threads per core) family 6 model 42 stepping 7, cmov, cx8, fxsr, mmx, sse, sse2, sse3, ssse3, sse4.1, sse4.2, popcnt, clmul, tsc, tscinvbit

Memory: 4k page, physical 4175484k(1260612k free), swap 8349104k(4607896k free)

vm_info: Java HotSpot(TM) 64-Bit Server VM (25.92-b14) for windows-amd64 JRE (1.8.0_92-b14), built on Mar 31 2016 21:03:04 by "java_re" with MS VC++ 10.0 (VS2010)

time: Thu Dec 22 08:48:24 2016
elapsed time: 51 seconds (0d 0h 0m 51s)

