#
# A fatal error has been detected by the Java Runtime Environment:
#
#  EXCEPTION_ACCESS_VIOLATION (0xc0000005) at pc=0x00000000779b3290, pid=4836, tid=0x00000000000016dc
#
# JRE version: Java(TM) SE Runtime Environment (8.0_92-b14) (build 1.8.0_92-b14)
# Java VM: Java HotSpot(TM) 64-Bit Server VM (25.92-b14 mixed mode windows-amd64 compressed oops)
# Problematic frame:
# C  [ntdll.dll+0x53290]
#
# Failed to write core dump. Minidumps are not enabled by default on client versions of Windows
#
# If you would like to submit a bug report, please visit:
#   http://bugreport.java.com/bugreport/crash.jsp
# The crash happened outside the Java Virtual Machine in native code.
# See problematic frame for where to report the bug.
#

---------------  T H R E A D  ---------------

Current thread (0x0000000056fe1000):  JavaThread "QuantumRenderer-0" daemon [_thread_in_native, id=5852, stack(0x0000000057200000,0x0000000057300000)]

siginfo: ExceptionCode=0xc0000005, reading address 0x00000000574abb98

Registers:
RAX=0x0000002a3b3276b1, RBX=0x00000000574abb90, RCX=0x000000ffffffffff, RDX=0x00000000575ab350
RSP=0x00000000572feeb0, RBP=0x0000000000000000, RSI=0x0000000056b20000, RDI=0x00000000575ab360
R8 =0x00000000575ab360, R9 =0x0000000000000224, R10=0x00000000575720e0, R11=0x0000000056b20158
R12=0x00000000575ab380, R13=0x0000000054759e00, R14=0x00000000572ff128, R15=0x0000000056fe1000
RIP=0x00000000779b3290, EFLAGS=0x0000000000010206

Top of Stack: (sp=0x00000000572feeb0)
0x00000000572feeb0:   0000000056b20000 0000000077983b01
0x00000000572feec0:   0000000000000000 00000000575d6680
0x00000000572feed0:   0000000000000000 00000000001d2e30
0x00000000572feee0:   0000000000000000 000007fefda69fd5
0x00000000572feef0:   0000000056fe1000 00000000572ff128
0x00000000572fef00:   0000000054759e00 00000000575ab380
0x00000000572fef10:   00000000575d29e0 00000000ffffffff
0x00000000572fef20:   00000000575ab390 000000007776300a
0x00000000572fef30:   0000000000000000 000000005757d240
0x00000000572fef40:   0000000000000000 0000000000000000
0x00000000572fef50:   0000000000000001 000007fee3dd2319
0x00000000572fef60:   0000000040000080 000000005757d240
0x00000000572fef70:   00000000575d1580 0000000000000000
0x00000000572fef80:   000000005757d580 000007fee3de6391
0x00000000572fef90:   000000005757d240 0000000000000000
0x00000000572fefa0:   0000000000000000 000000005757d580 

Instructions: (pc=0x00000000779b3290)
0x00000000779b3270:   ff ff 00 00 00 48 33 de 48 23 c1 48 c1 eb 04 48
0x00000000779b3280:   33 d8 48 33 1d 3f f1 0d 00 48 c1 e3 04 0f 0d 0b
0x00000000779b3290:   4c 8b 63 08 49 bd 01 00 00 00 01 00 00 00 49 be
0x00000000779b32a0:   ff 7f 00 00 ff ff ff ff c6 42 0f 80 c6 42 0e 00 


Register to memory mapping:

RAX=0x0000002a3b3276b1 is an unknown value
RBX=0x00000000574abb90 is an unknown value
RCX=0x000000ffffffffff is an unknown value
RDX=0x00000000575ab350 is an unknown value
RSP=0x00000000572feeb0 is pointing into the stack for thread: 0x0000000056fe1000
RBP=0x0000000000000000 is an unknown value
RSI=0x0000000056b20000 is an unknown value
RDI=0x00000000575ab360 is an unknown value
R8 =0x00000000575ab360 is an unknown value
R9 =0x0000000000000224 is an unknown value
R10=0x00000000575720e0 is an unknown value
R11=0x0000000056b20158 is an unknown value
R12=0x00000000575ab380 is an unknown value
R13={method} {0x0000000054759e08} 'nDispose' '()V' in 'com/sun/prism/d3d/D3DPipeline'
R14=0x00000000572ff128 is pointing into the stack for thread: 0x0000000056fe1000
R15=0x0000000056fe1000 is a thread


Stack: [0x0000000057200000,0x0000000057300000],  sp=0x00000000572feeb0,  free space=1019k
Native frames: (J=compiled Java code, j=interpreted, Vv=VM code, C=native code)

Java frames: (J=compiled Java code, j=interpreted, Vv=VM code)
j  com.sun.prism.d3d.D3DPipeline.nDispose()V+0
j  com.sun.prism.d3d.D3DPipeline.dispose()V+49
j  com.sun.javafx.tk.quantum.QuantumRenderer$PipelineRunnable.cleanup()V+9
j  com.sun.javafx.tk.quantum.QuantumRenderer$PipelineRunnable.run()V+14
j  java.lang.Thread.run()V+11
v  ~StubRoutines::call_stub

---------------  P R O C E S S  ---------------

Java Threads: ( => current thread )
  0x0000000059def000 JavaThread "Prism Font Disposer" daemon [_thread_blocked, id=996, stack(0x000000005d120000,0x000000005d220000)]
  0x0000000059c9d800 JavaThread "Abandoned connection cleanup thread" daemon [_thread_blocked, id=2988, stack(0x000000005a9d0000,0x000000005aad0000)]
  0x0000000059ace000 JavaThread "Thread-3" daemon [_thread_in_native, id=968, stack(0x000000005a2d0000,0x000000005a3d0000)]
  0x0000000057002800 JavaThread "Thread-1" daemon [_thread_blocked, id=2012, stack(0x0000000057a40000,0x0000000057b40000)]
=>0x0000000056fe1000 JavaThread "QuantumRenderer-0" daemon [_thread_in_native, id=5852, stack(0x0000000057200000,0x0000000057300000)]
  0x0000000054c5b000 JavaThread "Service Thread" daemon [_thread_blocked, id=2056, stack(0x0000000055eb0000,0x0000000055fb0000)]
  0x0000000054c4b800 JavaThread "C1 CompilerThread1" daemon [_thread_blocked, id=3416, stack(0x0000000055c70000,0x0000000055d70000)]
  0x0000000054c46800 JavaThread "C2 CompilerThread0" daemon [_thread_blocked, id=4336, stack(0x0000000056b30000,0x0000000056c30000)]
  0x0000000054c42800 JavaThread "Attach Listener" daemon [_thread_blocked, id=4792, stack(0x0000000055fe0000,0x00000000560e0000)]
  0x0000000054c42000 JavaThread "Signal Dispatcher" daemon [_thread_blocked, id=4744, stack(0x0000000055db0000,0x0000000055eb0000)]
  0x0000000054c2e000 JavaThread "Finalizer" daemon [_thread_blocked, id=2452, stack(0x0000000055b40000,0x0000000055c40000)]
  0x0000000054be4800 JavaThread "Reference Handler" daemon [_thread_blocked, id=3156, stack(0x00000000559d0000,0x0000000055ad0000)]

Other Threads:
  0x0000000054bdc800 VMThread [stack: 0x0000000055820000,0x0000000055920000] [id=4452]

VM state:at safepoint (normal execution)

VM Mutex/Monitor currently owned by a thread:  ([mutex/lock_event])
[0x000000000222be60] Threads_lock - owner thread: 0x0000000054bdc800
[0x000000000222c360] Heap_lock - owner thread: 0x000000000222d800

Heap:
 PSYoungGen      total 35328K, used 15636K [0x00000000eac00000, 0x00000000ed100000, 0x0000000100000000)
  eden space 32768K, 47% used [0x00000000eac00000,0x00000000ebb45118,0x00000000ecc00000)
  from space 2560K, 0% used [0x00000000ecc00000,0x00000000ecc00000,0x00000000ece80000)
  to   space 2560K, 0% used [0x00000000ece80000,0x00000000ece80000,0x00000000ed100000)
 ParOldGen       total 41984K, used 10051K [0x00000000c0400000, 0x00000000c2d00000, 0x00000000eac00000)
  object space 41984K, 23% used [0x00000000c0400000,0x00000000c0dd0ce0,0x00000000c2d00000)
 Metaspace       used 21484K, capacity 22734K, committed 23040K, reserved 1069056K
  class space    used 2934K, capacity 3212K, committed 3328K, reserved 1048576K

Card table byte_map: [0x0000000011ad0000,0x0000000011cd0000] byte_map_base: 0x00000000114ce000

Marking Bits: (ParMarkBitMap*) 0x00000000569b64f0
 Begin Bits: [0x00000000120d0000, 0x00000000130c0000)
 End Bits:   [0x00000000130c0000, 0x00000000140b0000)

Polling page: 0x00000000001c0000

CodeCache: size=245760Kb used=9792Kb max_used=9792Kb free=235968Kb
 bounds [0x0000000002710000, 0x00000000030b0000, 0x0000000011710000]
 total_blobs=3847 nmethods=3129 adapters=630
 compilation: enabled

Compilation events (10 events):
Event: 34.505 Thread 0x0000000054c4b800 3127       3       jdk.internal.org.objectweb.asm.FieldWriter::<init> (97 bytes)
Event: 34.506 Thread 0x0000000054c4b800 nmethod 3127 0x00000000030a2150 code [0x00000000030a2300, 0x00000000030a27e8]
Event: 34.516 Thread 0x0000000054c4b800 3128       3       java.util.ArrayList::remove (69 bytes)
Event: 34.517 Thread 0x0000000054c4b800 nmethod 3128 0x00000000030a2a50 code [0x00000000030a2c00, 0x00000000030a3268]
Event: 34.521 Thread 0x0000000054c4b800 3129       3       java.lang.invoke.MemberName::<init> (47 bytes)
Event: 34.522 Thread 0x0000000054c4b800 nmethod 3129 0x00000000030a3590 code [0x00000000030a3740, 0x00000000030a3b18]
Event: 34.523 Thread 0x0000000054c4b800 3130       3       java.util.LinkedList$ListItr::next (56 bytes)
Event: 34.524 Thread 0x0000000054c4b800 nmethod 3130 0x00000000030a3c90 code [0x00000000030a3e40, 0x00000000030a4378]
Event: 34.524 Thread 0x0000000054c4b800 3131       3       java.util.LinkedList$ListItr::checkForComodification (23 bytes)
Event: 34.524 Thread 0x0000000054c4b800 nmethod 3131 0x00000000030a4590 code [0x00000000030a4700, 0x00000000030a4968]

GC Heap History (8 events):
Event: 0.654 GC heap before
{Heap before GC invocations=1 (full 0):
 PSYoungGen      total 18944K, used 16384K [0x00000000eac00000, 0x00000000ec100000, 0x0000000100000000)
  eden space 16384K, 100% used [0x00000000eac00000,0x00000000ebc00000,0x00000000ebc00000)
  from space 2560K, 0% used [0x00000000ebe80000,0x00000000ebe80000,0x00000000ec100000)
  to   space 2560K, 0% used [0x00000000ebc00000,0x00000000ebc00000,0x00000000ebe80000)
 ParOldGen       total 44032K, used 0K [0x00000000c0400000, 0x00000000c2f00000, 0x00000000eac00000)
  object space 44032K, 0% used [0x00000000c0400000,0x00000000c0400000,0x00000000c2f00000)
 Metaspace       used 10071K, capacity 10422K, committed 10624K, reserved 1058816K
  class space    used 1267K, capacity 1377K, committed 1408K, reserved 1048576K
Event: 0.665 GC heap after
Heap after GC invocations=1 (full 0):
 PSYoungGen      total 18944K, used 2544K [0x00000000eac00000, 0x00000000ed100000, 0x0000000100000000)
  eden space 16384K, 0% used [0x00000000eac00000,0x00000000eac00000,0x00000000ebc00000)
  from space 2560K, 99% used [0x00000000ebc00000,0x00000000ebe7c040,0x00000000ebe80000)
  to   space 2560K, 0% used [0x00000000ece80000,0x00000000ece80000,0x00000000ed100000)
 ParOldGen       total 44032K, used 532K [0x00000000c0400000, 0x00000000c2f00000, 0x00000000eac00000)
  object space 44032K, 1% used [0x00000000c0400000,0x00000000c04850b8,0x00000000c2f00000)
 Metaspace       used 10071K, capacity 10422K, committed 10624K, reserved 1058816K
  class space    used 1267K, capacity 1377K, committed 1408K, reserved 1048576K
}
Event: 1.732 GC heap before
{Heap before GC invocations=2 (full 0):
 PSYoungGen      total 18944K, used 18928K [0x00000000eac00000, 0x00000000ed100000, 0x0000000100000000)
  eden space 16384K, 100% used [0x00000000eac00000,0x00000000ebc00000,0x00000000ebc00000)
  from space 2560K, 99% used [0x00000000ebc00000,0x00000000ebe7c040,0x00000000ebe80000)
  to   space 2560K, 0% used [0x00000000ece80000,0x00000000ece80000,0x00000000ed100000)
 ParOldGen       total 44032K, used 532K [0x00000000c0400000, 0x00000000c2f00000, 0x00000000eac00000)
  object space 44032K, 1% used [0x00000000c0400000,0x00000000c04850b8,0x00000000c2f00000)
 Metaspace       used 16561K, capacity 17158K, committed 17280K, reserved 1064960K
  class space    used 2228K, capacity 2396K, committed 2432K, reserved 1048576K
Event: 1.740 GC heap after
Heap after GC invocations=2 (full 0):
 PSYoungGen      total 35328K, used 2544K [0x00000000eac00000, 0x00000000ed100000, 0x0000000100000000)
  eden space 32768K, 0% used [0x00000000eac00000,0x00000000eac00000,0x00000000ecc00000)
  from space 2560K, 99% used [0x00000000ece80000,0x00000000ed0fc080,0x00000000ed100000)
  to   space 2560K, 0% used [0x00000000ecc00000,0x00000000ecc00000,0x00000000ece80000)
 ParOldGen       total 44032K, used 3156K [0x00000000c0400000, 0x00000000c2f00000, 0x00000000eac00000)
  object space 44032K, 7% used [0x00000000c0400000,0x00000000c07151f0,0x00000000c2f00000)
 Metaspace       used 16561K, capacity 17158K, committed 17280K, reserved 1064960K
  class space    used 2228K, capacity 2396K, committed 2432K, reserved 1048576K
}
Event: 5.308 GC heap before
{Heap before GC invocations=3 (full 0):
 PSYoungGen      total 35328K, used 16493K [0x00000000eac00000, 0x00000000ed100000, 0x0000000100000000)
  eden space 32768K, 42% used [0x00000000eac00000,0x00000000eb99f3e8,0x00000000ecc00000)
  from space 2560K, 99% used [0x00000000ece80000,0x00000000ed0fc080,0x00000000ed100000)
  to   space 2560K, 0% used [0x00000000ecc00000,0x00000000ecc00000,0x00000000ece80000)
 ParOldGen       total 44032K, used 3156K [0x00000000c0400000, 0x00000000c2f00000, 0x00000000eac00000)
  object space 44032K, 7% used [0x00000000c0400000,0x00000000c07151f0,0x00000000c2f00000)
 Metaspace       used 20116K, capacity 21162K, committed 21248K, reserved 1067008K
  class space    used 2789K, capacity 3032K, committed 3072K, reserved 1048576K
Event: 5.323 GC heap after
Heap after GC invocations=3 (full 0):
 PSYoungGen      total 35328K, used 2544K [0x00000000eac00000, 0x00000000ed100000, 0x0000000100000000)
  eden space 32768K, 0% used [0x00000000eac00000,0x00000000eac00000,0x00000000ecc00000)
  from space 2560K, 99% used [0x00000000ecc00000,0x00000000ece7c0a0,0x00000000ece80000)
  to   space 2560K, 0% used [0x00000000ece80000,0x00000000ece80000,0x00000000ed100000)
 ParOldGen       total 44032K, used 7816K [0x00000000c0400000, 0x00000000c2f00000, 0x00000000eac00000)
  object space 44032K, 17% used [0x00000000c0400000,0x00000000c0ba2280,0x00000000c2f00000)
 Metaspace       used 20116K, capacity 21162K, committed 21248K, reserved 1067008K
  class space    used 2789K, capacity 3032K, committed 3072K, reserved 1048576K
}
Event: 5.323 GC heap before
{Heap before GC invocations=4 (full 1):
 PSYoungGen      total 35328K, used 2544K [0x00000000eac00000, 0x00000000ed100000, 0x0000000100000000)
  eden space 32768K, 0% used [0x00000000eac00000,0x00000000eac00000,0x00000000ecc00000)
  from space 2560K, 99% used [0x00000000ecc00000,0x00000000ece7c0a0,0x00000000ece80000)
  to   space 2560K, 0% used [0x00000000ece80000,0x00000000ece80000,0x00000000ed100000)
 ParOldGen       total 44032K, used 7816K [0x00000000c0400000, 0x00000000c2f00000, 0x00000000eac00000)
  object space 44032K, 17% used [0x00000000c0400000,0x00000000c0ba2280,0x00000000c2f00000)
 Metaspace       used 20116K, capacity 21162K, committed 21248K, reserved 1067008K
  class space    used 2789K, capacity 3032K, committed 3072K, reserved 1048576K
Event: 5.390 GC heap after
Heap after GC invocations=4 (full 1):
 PSYoungGen      total 35328K, used 0K [0x00000000eac00000, 0x00000000ed100000, 0x0000000100000000)
  eden space 32768K, 0% used [0x00000000eac00000,0x00000000eac00000,0x00000000ecc00000)
  from space 2560K, 0% used [0x00000000ecc00000,0x00000000ecc00000,0x00000000ece80000)
  to   space 2560K, 0% used [0x00000000ece80000,0x00000000ece80000,0x00000000ed100000)
 ParOldGen       total 41984K, used 10051K [0x00000000c0400000, 0x00000000c2d00000, 0x00000000eac00000)
  object space 41984K, 23% used [0x00000000c0400000,0x00000000c0dd0ce0,0x00000000c2d00000)
 Metaspace       used 20116K, capacity 21162K, committed 21248K, reserved 1067008K
  class space    used 2789K, capacity 3032K, committed 3072K, reserved 1048576K
}

Deoptimization events (10 events):
Event: 8.556 Thread 0x0000000057003000 Uncommon trap: reason=array_check action=maybe_recompile pc=0x0000000002e94ddc method=com.sun.javafx.css.CompoundSelector.applies(Ljavafx/css/Styleable;[Ljava/util/Set;I)Z @ 128
Event: 8.556 Thread 0x0000000057003000 Uncommon trap: reason=array_check action=maybe_recompile pc=0x0000000002e94ddc method=com.sun.javafx.css.CompoundSelector.applies(Ljavafx/css/Styleable;[Ljava/util/Set;I)Z @ 128
Event: 8.606 Thread 0x0000000057003000 Uncommon trap: reason=class_check action=maybe_recompile pc=0x0000000002eed34c method=javafx.scene.Node.updateLocalToParentTransform()V @ 11
Event: 8.606 Thread 0x0000000057003000 Uncommon trap: reason=class_check action=maybe_recompile pc=0x0000000002eed34c method=javafx.scene.Node.updateLocalToParentTransform()V @ 11
Event: 8.607 Thread 0x0000000057003000 Uncommon trap: reason=class_check action=maybe_recompile pc=0x0000000002eed34c method=javafx.scene.Node.updateLocalToParentTransform()V @ 11
Event: 8.608 Thread 0x0000000057003000 Uncommon trap: reason=class_check action=maybe_recompile pc=0x0000000002eed34c method=javafx.scene.Node.updateLocalToParentTransform()V @ 11
Event: 8.639 Thread 0x0000000057003000 Uncommon trap: reason=unstable_if action=reinterpret pc=0x0000000002c790bc method=jdk.internal.org.objectweb.asm.Item.isEqualTo(Ljdk/internal/org/objectweb/asm/Item;)Z @ 331
Event: 10.370 Thread 0x0000000057003000 Uncommon trap: reason=null_check action=make_not_entrant pc=0x0000000002faf93c method=javafx.scene.Node$MiscProperties.getEffect()Ljavafx/scene/effect/Effect; @ 20
Event: 11.886 Thread 0x0000000056fe1000 Uncommon trap: reason=unstable_if action=reinterpret pc=0x0000000002fe588c method=java.lang.Math.round(F)I @ 36
Event: 31.032 Thread 0x0000000057003000 Uncommon trap: reason=unstable_if action=reinterpret pc=0x0000000002fb211c method=javafx.scene.Node.impl_intersectsBounds(Lcom/sun/javafx/geom/PickRay;)D @ 902

Internal exceptions (10 events):
Event: 0.460 Thread 0x0000000057003000 Exception <a 'java/lang/NullPointerException'> (0x00000000eb780e38) thrown at [D:\re\workspace\8-2-build-windows-amd64-cygwin\jdk8u92\6642\hotspot\src\share\vm\prims\jvm.cpp, line 1390]
Event: 0.490 Thread 0x0000000057003000 Exception <a 'java/lang/ArrayIndexOutOfBoundsException': 57> (0x00000000eb88bc48) thrown at [D:\re\workspace\8-2-build-windows-amd64-cygwin\jdk8u92\6642\hotspot\src\share\vm\interpreter\interpreterRuntime.cpp, line 366]
Event: 0.491 Thread 0x0000000057003000 Exception <a 'java/lang/ArrayIndexOutOfBoundsException': 18> (0x00000000eb88cac0) thrown at [D:\re\workspace\8-2-build-windows-amd64-cygwin\jdk8u92\6642\hotspot\src\share\vm\interpreter\interpreterRuntime.cpp, line 366]
Event: 0.491 Thread 0x0000000057003000 Exception <a 'java/lang/ArrayIndexOutOfBoundsException': 86> (0x00000000eb88de68) thrown at [D:\re\workspace\8-2-build-windows-amd64-cygwin\jdk8u92\6642\hotspot\src\share\vm\interpreter\interpreterRuntime.cpp, line 366]
Event: 0.653 Thread 0x0000000057003000 Exception <a 'java/lang/ArrayIndexOutOfBoundsException'> (0x00000000ebbfccf8) thrown at [D:\re\workspace\8-2-build-windows-amd64-cygwin\jdk8u92\6642\hotspot\src\share\vm\runtime\sharedRuntime.cpp, line 605]
Event: 0.803 Thread 0x0000000057003000 Implicit null exception at 0x00000000029c9086 to 0x00000000029c93b1
Event: 1.812 Thread 0x0000000057003000 Implicit null exception at 0x00000000029e0725 to 0x00000000029e0941
Event: 1.812 Thread 0x0000000057003000 Implicit null exception at 0x0000000002a5f7c8 to 0x0000000002a5f856
Event: 1.815 Thread 0x0000000057003000 Implicit null exception at 0x0000000002982fef to 0x0000000002983055
Event: 10.370 Thread 0x0000000057003000 Implicit null exception at 0x0000000002faf0f9 to 0x0000000002faf921

Events (10 events):
Event: 34.522 loading class com/sun/javafx/tk/quantum/QuantumToolkit done
Event: 34.523 Thread 0x0000000057003000 Thread exited: 0x0000000057003000
Event: 34.524 Thread 0x0000000059adc000 Thread exited: 0x0000000059adc000
Event: 34.526 Thread 0x000000000222d800 Thread exited: 0x000000000222d800
Event: 34.527 Thread 0x000000000222d800 Thread added: 0x000000000222d800
Event: 34.527 loading class java/util/IdentityHashMap$KeyIterator
Event: 34.527 loading class java/util/IdentityHashMap$IdentityHashMapIterator
Event: 34.527 loading class java/util/IdentityHashMap$IdentityHashMapIterator done
Event: 34.527 loading class java/util/IdentityHashMap$KeyIterator done
Event: 34.527 Thread 0x000000000222d800 Thread exited: 0x000000000222d800


Dynamic libraries:
0x000000013ffe0000 - 0x0000000140017000 	C:\Program Files\Java\jdk1.8.0_92\jre\bin\java.exe
0x0000000077960000 - 0x0000000077b09000 	C:\Windows\SYSTEM32\ntdll.dll
0x0000000077740000 - 0x000000007785f000 	C:\Windows\system32\kernel32.dll
0x000007fefda60000 - 0x000007fefdacb000 	C:\Windows\system32\KERNELBASE.dll
0x000007fefe2b0000 - 0x000007fefe38b000 	C:\Windows\system32\ADVAPI32.dll
0x000007fefdd50000 - 0x000007fefddef000 	C:\Windows\system32\msvcrt.dll
0x000007fefe1b0000 - 0x000007fefe1cf000 	C:\Windows\SYSTEM32\sechost.dll
0x000007feffb40000 - 0x000007feffc6d000 	C:\Windows\system32\RPCRT4.dll
0x0000000077860000 - 0x000000007795a000 	C:\Windows\system32\USER32.dll
0x000007fefdad0000 - 0x000007fefdb37000 	C:\Windows\system32\GDI32.dll
0x000007feffb30000 - 0x000007feffb3e000 	C:\Windows\system32\LPK.dll
0x000007fefe1e0000 - 0x000007fefe2a9000 	C:\Windows\system32\USP10.dll
0x000007fefbbf0000 - 0x000007fefbde4000 	C:\Windows\WinSxS\amd64_microsoft.windows.common-controls_6595b64144ccf1df_6.0.7601.17514_none_fa396087175ac9ac\COMCTL32.dll
0x000007fefde20000 - 0x000007fefde91000 	C:\Windows\system32\SHLWAPI.dll
0x000007fefddf0000 - 0x000007fefde1e000 	C:\Windows\system32\IMM32.DLL
0x000007fefdc40000 - 0x000007fefdd49000 	C:\Windows\system32\MSCTF.dll
0x0000000057d30000 - 0x0000000057e02000 	C:\Program Files\Java\jdk1.8.0_92\jre\bin\msvcr100.dll
0x00000000561a0000 - 0x0000000056a36000 	C:\Program Files\Java\jdk1.8.0_92\jre\bin\server\jvm.dll
0x000007feec800000 - 0x000007feec809000 	C:\Windows\system32\WSOCK32.dll
0x000007fefdea0000 - 0x000007fefdeed000 	C:\Windows\system32\WS2_32.dll
0x000007fefe1d0000 - 0x000007fefe1d8000 	C:\Windows\system32\NSI.dll
0x000007fefb470000 - 0x000007fefb4ab000 	C:\Windows\system32\WINMM.dll
0x000007fefc800000 - 0x000007fefc80c000 	C:\Windows\system32\VERSION.dll
0x0000000077b30000 - 0x0000000077b37000 	C:\Windows\system32\PSAPI.DLL
0x0000000075080000 - 0x000000007508f000 	C:\Program Files\Java\jdk1.8.0_92\jre\bin\verify.dll
0x0000000075050000 - 0x0000000075079000 	C:\Program Files\Java\jdk1.8.0_92\jre\bin\java.dll
0x0000000075030000 - 0x0000000075046000 	C:\Program Files\Java\jdk1.8.0_92\jre\bin\zip.dll
0x000007fefe390000 - 0x000007feff118000 	C:\Windows\system32\SHELL32.dll
0x000007feff3d0000 - 0x000007feff5d3000 	C:\Windows\system32\ole32.dll
0x000007fefd720000 - 0x000007fefd72f000 	C:\Windows\system32\profapi.dll
0x000007fee0e20000 - 0x000007fee0f0f000 	C:\Program Files\Java\jdk1.8.0_92\jre\bin\msvcr120.dll
0x000007fee5930000 - 0x000007fee59d6000 	C:\Program Files\Java\jdk1.8.0_92\jre\bin\msvcp120.dll
0x00000000021c0000 - 0x00000000021e2000 	C:\Program Files\Java\jdk1.8.0_92\jre\bin\prism_d3d.dll
0x000007fee3dd0000 - 0x000007fee3fcf000 	C:\Windows\system32\d3d9.dll
0x000007fee3dc0000 - 0x000007fee3dc7000 	C:\Windows\system32\d3d8thk.dll
0x000007fefc790000 - 0x000007fefc7a8000 	C:\Windows\system32\dwmapi.dll
0x000007fefb830000 - 0x000007fefb886000 	C:\Windows\system32\uxtheme.dll
0x000007fef8830000 - 0x000007fef8992000 	C:\Windows\system32\aticfx64.dll
0x000007fee3d60000 - 0x000007fee3d81000 	C:\Windows\system32\atiu9p64.dll
0x000007fee3500000 - 0x000007fee3d5a000 	C:\Windows\system32\atiumd64.dll
0x000000005ac90000 - 0x000000005b516000 	C:\Windows\system32\atiumd6a.dll
0x000007fefc7b0000 - 0x000007fefc7dc000 	C:\Windows\system32\POWRPROF.dll
0x000007fefdef0000 - 0x000007fefe0c7000 	C:\Windows\system32\SETUPAPI.dll
0x000007fefda20000 - 0x000007fefda56000 	C:\Windows\system32\CFGMGR32.dll
0x000007fefe0d0000 - 0x000007fefe1a7000 	C:\Windows\system32\OLEAUT32.dll
0x000007fefd890000 - 0x000007fefd8aa000 	C:\Windows\system32\DEVOBJ.dll
0x0000000002230000 - 0x0000000002273000 	C:\Program Files\Java\jdk1.8.0_92\jre\bin\glass.dll
0x000007fefdb40000 - 0x000007fefdbd7000 	C:\Windows\system32\COMDLG32.dll
0x0000000180000000 - 0x000000018001b000 	C:\Program Files (x86)\Common Files\Portrait Displays\Plugins\DP\msgHook64.dll
0x000007fefd5b0000 - 0x000007fefd5bf000 	C:\Windows\system32\CRYPTBASE.dll
0x0000000074ed0000 - 0x0000000074eea000 	C:\Program Files\Java\jdk1.8.0_92\jre\bin\net.dll
0x000007fefceb0000 - 0x000007fefcf05000 	C:\Windows\system32\mswsock.dll
0x000007fefcea0000 - 0x000007fefcea7000 	C:\Windows\System32\wship6.dll
0x000007fefc8d0000 - 0x000007fefc8d7000 	C:\Windows\System32\wshtcpip.dll
0x000007fefcd30000 - 0x000007fefcd8b000 	C:\Windows\system32\DNSAPI.dll
0x000007fefb3e0000 - 0x000007fefb407000 	C:\Windows\system32\IPHLPAPI.DLL
0x000007fefb3d0000 - 0x000007fefb3db000 	C:\Windows\system32\WINNSI.DLL
0x000007fef3ee0000 - 0x000007fef3ee8000 	C:\Windows\system32\rasadhlp.dll
0x000007fefb240000 - 0x000007fefb293000 	C:\Windows\System32\fwpuclnt.dll
0x0000000011e30000 - 0x0000000011e44000 	C:\Program Files\Java\jdk1.8.0_92\jre\bin\javafx_font.dll
0x000007fee6460000 - 0x000007fee65f6000 	C:\Windows\system32\dwrite.dll
0x000007feff330000 - 0x000007feff3c9000 	C:\Windows\system32\CLBCatQ.DLL
0x000007fefabf0000 - 0x000007fefad51000 	C:\Windows\system32\WindowsCodecs.dll
0x000007fefd550000 - 0x000007fefd5a7000 	C:\Windows\system32\apphelp.dll
0x000007fef7d80000 - 0x000007fef7dc4000 	C:\Program Files (x86)\Dropbox\Client\DropboxExt64.3.0.dll
0x000007fef89d0000 - 0x000007fef89df000 	C:\Windows\system32\AcSignIcon.dll
0x000007fef74a0000 - 0x000007fef7a05000 	C:\Windows\system32\mfc110u.dll
0x000007fef73c0000 - 0x000007fef7494000 	C:\Windows\system32\MSVCR110.dll
0x0000000055920000 - 0x0000000055931000 	C:\Program Files\Java\jdk1.8.0_92\jre\bin\prism_common.dll
0x000007fef9d30000 - 0x000007fef9e55000 	C:\Windows\system32\dbghelp.dll

VM Arguments:
jvm_args: -Dfile.encoding=UTF-8 
java_command: J:\DrDhelp\dist\run255116564\DrDhelp.jar
java_class_path (initial): J:\DrDhelp\dist\run255116564\DrDhelp.jar
Launcher Type: SUN_STANDARD

Environment Variables:
PATH=C:\ProgramData\Oracle\Java\javapath;C:\Windows\system32;C:\Windows;C:\Windows\System32\Wbem;C:\Windows\System32\WindowsPowerShell\v1.0\;C:\Program Files (x86)\ATI Technologies\ATI.ACE\Core-Static;C:\Program Files (x86)\AMD\ATI.ACE\Core-Static;C:\Program Files (x86)\Skype\Phone\
USERNAME=Aramis
OS=Windows_NT
PROCESSOR_IDENTIFIER=Intel64 Family 6 Model 42 Stepping 7, GenuineIntel



---------------  S Y S T E M  ---------------

OS: Windows 7 , 64 bit Build 7601 (6.1.7601.18015)

CPU:total 2 (2 cores per cpu, 1 threads per core) family 6 model 42 stepping 7, cmov, cx8, fxsr, mmx, sse, sse2, sse3, ssse3, sse4.1, sse4.2, popcnt, clmul, tsc, tscinvbit

Memory: 4k page, physical 4175484k(599396k free), swap 8349104k(3809276k free)

vm_info: Java HotSpot(TM) 64-Bit Server VM (25.92-b14) for windows-amd64 JRE (1.8.0_92-b14), built on Mar 31 2016 21:03:04 by "java_re" with MS VC++ 10.0 (VS2010)

time: Mon Jan 09 20:52:35 2017
elapsed time: 34 seconds (0d 0h 0m 34s)

